<?xml version="1.0" encoding="UTF-8"?>
<!-- Generated by org.testng.reporters.JUnitXMLReporter -->
<testsuite ignored="0" hostname="DESKTOP-DVMTKTT" failures="0" tests="6" name="Default test" time="0.272" errors="0" timestamp="2023-06-21T18:02:10 IST">
  <testcase classname="trello.Priority" name="fi" time="0.038"/>
  <testcase classname="trello.Priority" name="ae" time="0.004"/>
  <testcase classname="trello.Priority" name="a" time="0.003"/>
  <testcase classname="trello.Priority" name="b" time="0.005"/>
  <testcase classname="trello.Priority" name="chech" time="0.004"/>
  <testcase classname="trello.Priority" name="de" time="0.005"/>
</testsuite> <!-- Default test -->
